<?xml version="1.0" encoding="UTF-8"?>
<coverage generated="1712671153254" clover="3.2.0">
  <project timestamp="1712671153255" name="All files">
    <metrics statements="273" coveredstatements="266" conditionals="99" coveredconditionals="76" methods="19" coveredmethods="18" elements="391" coveredelements="360" complexity="0" loc="273" ncloc="273" packages="3" files="15" classes="15"/>
    <package name="src">
      <metrics statements="264" coveredstatements="257" conditionals="99" coveredconditionals="76" methods="16" coveredmethods="15"/>
      <file name="constants.ts" path="/home/runner/work/base64/base64/src/constants.ts">
        <metrics statements="2" coveredstatements="2" conditionals="2" coveredconditionals="2" methods="0" coveredmethods="0"/>
        <line num="1" count="6" type="stmt"/>
        <line num="2" count="6" type="cond" truecount="2" falsecount="0"/>
      </file>
      <file name="createFromBase64.ts" path="/home/runner/work/base64/base64/src/createFromBase64.ts">
        <metrics statements="56" coveredstatements="56" conditionals="29" coveredconditionals="25" methods="2" coveredmethods="2"/>
        <line num="1" count="2" type="stmt"/>
        <line num="3" count="2" type="stmt"/>
        <line num="5" count="2" type="cond" truecount="2" falsecount="0"/>
        <line num="6" count="3" type="cond" truecount="0" falsecount="1"/>
        <line num="7" count="3" type="stmt"/>
        <line num="8" count="192" type="stmt"/>
        <line num="9" count="3" type="stmt"/>
        <line num="10" count="369" type="stmt"/>
        <line num="11" count="192" type="stmt"/>
        <line num="13" count="3" type="stmt"/>
        <line num="14" count="339" type="cond" truecount="1" falsecount="0"/>
        <line num="15" count="335" type="stmt"/>
        <line num="16" count="335" type="cond" truecount="1" falsecount="0"/>
        <line num="17" count="100" type="stmt"/>
        <line num="18" count="100" type="cond" truecount="2" falsecount="0"/>
        <line num="19" count="26" type="stmt"/>
        <line num="20" count="26" type="stmt"/>
        <line num="21" count="74" type="cond" truecount="1" falsecount="0"/>
        <line num="22" count="34" type="stmt"/>
        <line num="23" count="34" type="stmt"/>
        <line num="26" count="335" type="cond" truecount="0" falsecount="1"/>
        <line num="27" count="335" type="cond" truecount="2" falsecount="0"/>
        <line num="28" count="335" type="stmt"/>
        <line num="29" count="335" type="stmt"/>
        <line num="30" count="335" type="cond" truecount="2" falsecount="0"/>
        <line num="31" count="64" type="stmt"/>
        <line num="32" count="64" type="stmt"/>
        <line num="33" count="271" type="cond" truecount="1" falsecount="0"/>
        <line num="34" count="82" type="stmt"/>
        <line num="35" count="82" type="stmt"/>
        <line num="37" count="335" type="stmt"/>
        <line num="38" count="335" type="stmt"/>
        <line num="39" count="335" type="stmt"/>
        <line num="40" count="335" type="stmt"/>
        <line num="41" count="5017" type="stmt"/>
        <line num="42" count="5017" type="stmt"/>
        <line num="43" count="5017" type="stmt"/>
        <line num="44" count="5017" type="stmt"/>
        <line num="45" count="5017" type="cond" truecount="5" falsecount="0"/>
        <line num="46" count="4917" type="stmt"/>
        <line num="47" count="4917" type="stmt"/>
        <line num="48" count="4917" type="stmt"/>
        <line num="49" count="4917" type="stmt"/>
        <line num="51" count="235" type="cond" truecount="2" falsecount="0"/>
        <line num="52" count="64" type="stmt"/>
        <line num="53" count="64" type="stmt"/>
        <line num="54" count="64" type="cond" truecount="2" falsecount="1"/>
        <line num="55" count="64" type="stmt"/>
        <line num="56" count="171" type="cond" truecount="1" falsecount="0"/>
        <line num="57" count="82" type="stmt"/>
        <line num="58" count="82" type="stmt"/>
        <line num="59" count="82" type="stmt"/>
        <line num="60" count="82" type="cond" truecount="3" falsecount="1"/>
        <line num="61" count="82" type="stmt"/>
        <line num="62" count="82" type="stmt"/>
        <line num="64" count="235" type="stmt"/>
      </file>
      <file name="createFromBase64Bin.ts" path="/home/runner/work/base64/base64/src/createFromBase64Bin.ts">
        <metrics statements="63" coveredstatements="63" conditionals="29" coveredconditionals="23" methods="2" coveredmethods="2"/>
        <line num="1" count="1" type="stmt"/>
        <line num="3" count="1" type="cond" truecount="2" falsecount="0"/>
        <line num="4" count="1" type="cond" truecount="0" falsecount="1"/>
        <line num="5" count="1" type="stmt"/>
        <line num="6" count="64" type="stmt"/>
        <line num="7" count="1" type="stmt"/>
        <line num="8" count="123" type="stmt"/>
        <line num="9" count="64" type="stmt"/>
        <line num="11" count="1" type="stmt"/>
        <line num="12" count="1" type="cond" truecount="1" falsecount="1"/>
        <line num="14" count="1" type="stmt"/>
        <line num="15" count="200" type="cond" truecount="1" falsecount="0"/>
        <line num="16" count="196" type="stmt"/>
        <line num="17" count="196" type="cond" truecount="2" falsecount="0"/>
        <line num="18" count="77" type="stmt"/>
        <line num="19" count="77" type="stmt"/>
        <line num="21" count="119" type="stmt"/>
        <line num="22" count="119" type="stmt"/>
        <line num="23" count="119" type="cond" truecount="1" falsecount="0"/>
        <line num="24" count="77" type="stmt"/>
        <line num="25" count="77" type="cond" truecount="3" falsecount="0"/>
        <line num="28" count="196" type="cond" truecount="0" falsecount="1"/>
        <line num="29" count="196" type="cond" truecount="2" falsecount="0"/>
        <line num="30" count="196" type="stmt"/>
        <line num="31" count="196" type="stmt"/>
        <line num="32" count="196" type="stmt"/>
        <line num="33" count="196" type="stmt"/>
        <line num="34" count="196" type="stmt"/>
        <line num="35" count="3240" type="stmt"/>
        <line num="36" count="3240" type="stmt"/>
        <line num="37" count="3240" type="stmt"/>
        <line num="38" count="3240" type="stmt"/>
        <line num="39" count="3240" type="stmt"/>
        <line num="40" count="3240" type="stmt"/>
        <line num="41" count="3240" type="stmt"/>
        <line num="42" count="3240" type="stmt"/>
        <line num="43" count="3240" type="stmt"/>
        <line num="44" count="3240" type="cond" truecount="4" falsecount="1"/>
        <line num="45" count="3240" type="stmt"/>
        <line num="46" count="3240" type="stmt"/>
        <line num="47" count="3240" type="stmt"/>
        <line num="48" count="3240" type="stmt"/>
        <line num="50" count="196" type="cond" truecount="1" falsecount="0"/>
        <line num="51" count="154" type="cond" truecount="1" falsecount="0"/>
        <line num="52" count="92" type="stmt"/>
        <line num="53" count="92" type="stmt"/>
        <line num="54" count="92" type="stmt"/>
        <line num="55" count="92" type="stmt"/>
        <line num="56" count="92" type="stmt"/>
        <line num="57" count="92" type="stmt"/>
        <line num="58" count="92" type="stmt"/>
        <line num="59" count="92" type="cond" truecount="3" falsecount="1"/>
        <line num="60" count="92" type="stmt"/>
        <line num="61" count="92" type="stmt"/>
        <line num="62" count="92" type="stmt"/>
        <line num="64" count="62" type="stmt"/>
        <line num="65" count="62" type="stmt"/>
        <line num="66" count="62" type="stmt"/>
        <line num="67" count="62" type="stmt"/>
        <line num="68" count="62" type="stmt"/>
        <line num="69" count="62" type="cond" truecount="2" falsecount="1"/>
        <line num="70" count="62" type="stmt"/>
        <line num="71" count="62" type="stmt"/>
      </file>
      <file name="createToBase64.ts" path="/home/runner/work/base64/base64/src/createToBase64.ts">
        <metrics statements="33" coveredstatements="33" conditionals="6" coveredconditionals="5" methods="2" coveredmethods="2"/>
        <line num="1" count="5" type="stmt"/>
        <line num="2" count="5" type="stmt"/>
        <line num="4" count="5" type="cond" truecount="2" falsecount="0"/>
        <line num="5" count="6" type="cond" truecount="0" falsecount="1"/>
        <line num="7" count="6" type="stmt"/>
        <line num="8" count="6" type="stmt"/>
        <line num="10" count="6" type="stmt"/>
        <line num="11" count="384" type="stmt"/>
        <line num="12" count="24576" type="stmt"/>
        <line num="13" count="24576" type="stmt"/>
        <line num="17" count="6" type="stmt"/>
        <line num="18" count="6" type="stmt"/>
        <line num="20" count="6" type="stmt"/>
        <line num="21" count="447" type="stmt"/>
        <line num="22" count="447" type="stmt"/>
        <line num="23" count="447" type="stmt"/>
        <line num="24" count="447" type="stmt"/>
        <line num="25" count="5256" type="stmt"/>
        <line num="26" count="5256" type="stmt"/>
        <line num="27" count="5256" type="stmt"/>
        <line num="28" count="5256" type="stmt"/>
        <line num="29" count="5256" type="stmt"/>
        <line num="30" count="5256" type="stmt"/>
        <line num="32" count="447" type="cond" truecount="1" falsecount="0"/>
        <line num="33" count="294" type="cond" truecount="2" falsecount="0"/>
        <line num="34" count="143" type="stmt"/>
        <line num="35" count="143" type="stmt"/>
        <line num="37" count="151" type="stmt"/>
        <line num="38" count="151" type="stmt"/>
        <line num="39" count="151" type="stmt"/>
        <line num="40" count="151" type="stmt"/>
        <line num="41" count="151" type="stmt"/>
        <line num="43" count="294" type="stmt"/>
      </file>
      <file name="createToBase64Bin.ts" path="/home/runner/work/base64/base64/src/createToBase64Bin.ts">
        <metrics statements="43" coveredstatements="37" conditionals="14" coveredconditionals="9" methods="3" coveredmethods="3"/>
        <line num="1" count="2" type="stmt"/>
        <line num="3" count="2" type="cond" truecount="2" falsecount="0"/>
        <line num="4" count="3" type="cond" truecount="0" falsecount="1"/>
        <line num="6" count="192" type="stmt"/>
        <line num="7" count="3" type="stmt"/>
        <line num="9" count="3" type="stmt"/>
        <line num="10" count="192" type="stmt"/>
        <line num="11" count="12288" type="stmt"/>
        <line num="12" count="12288" type="stmt"/>
        <line num="16" count="3" type="stmt"/>
        <line num="17" count="3" type="cond" truecount="1" falsecount="1"/>
        <line num="18" count="3" type="cond" truecount="1" falsecount="1"/>
        <line num="20" count="3" type="stmt"/>
        <line num="21" count="300" type="stmt"/>
        <line num="22" count="300" type="stmt"/>
        <line num="23" count="300" type="stmt"/>
        <line num="24" count="4720" type="stmt"/>
        <line num="25" count="4720" type="stmt"/>
        <line num="26" count="4720" type="stmt"/>
        <line num="27" count="4720" type="stmt"/>
        <line num="28" count="4720" type="stmt"/>
        <line num="29" count="4720" type="stmt"/>
        <line num="30" count="4720" type="stmt"/>
        <line num="32" count="300" type="cond" truecount="2" falsecount="0"/>
        <line num="33" count="87" type="stmt"/>
        <line num="34" count="87" type="cond" truecount="1" falsecount="1"/>
        <line num="35" count="87" type="stmt"/>
        <line num="36" count="87" type="stmt"/>
        <line num="38" count="0" type="stmt"/>
        <line num="39" count="0" type="stmt"/>
        <line num="41" count="213" type="cond" truecount="1" falsecount="0"/>
        <line num="42" count="116" type="stmt"/>
        <line num="43" count="116" type="stmt"/>
        <line num="44" count="116" type="stmt"/>
        <line num="45" count="116" type="stmt"/>
        <line num="46" count="116" type="cond" truecount="1" falsecount="1"/>
        <line num="47" count="116" type="stmt"/>
        <line num="48" count="116" type="stmt"/>
        <line num="50" count="0" type="stmt"/>
        <line num="51" count="0" type="stmt"/>
        <line num="52" count="0" type="stmt"/>
        <line num="53" count="0" type="stmt"/>
        <line num="56" count="300" type="stmt"/>
      </file>
      <file name="createToBase64BinUint8.ts" path="/home/runner/work/base64/base64/src/createToBase64BinUint8.ts">
        <metrics statements="44" coveredstatements="44" conditionals="10" coveredconditionals="6" methods="3" coveredmethods="3"/>
        <line num="1" count="1" type="stmt"/>
        <line num="3" count="1" type="cond" truecount="0" falsecount="2"/>
        <line num="4" count="1" type="cond" truecount="0" falsecount="1"/>
        <line num="6" count="64" type="stmt"/>
        <line num="7" count="1" type="stmt"/>
        <line num="9" count="1" type="stmt"/>
        <line num="10" count="64" type="stmt"/>
        <line num="11" count="4096" type="stmt"/>
        <line num="12" count="4096" type="stmt"/>
        <line num="16" count="1" type="cond" truecount="1" falsecount="1"/>
        <line num="18" count="1" type="stmt"/>
        <line num="19" count="100" type="stmt"/>
        <line num="20" count="100" type="stmt"/>
        <line num="21" count="100" type="stmt"/>
        <line num="22" count="1550" type="stmt"/>
        <line num="23" count="1550" type="stmt"/>
        <line num="24" count="1550" type="stmt"/>
        <line num="25" count="1550" type="stmt"/>
        <line num="26" count="1550" type="stmt"/>
        <line num="27" count="1550" type="stmt"/>
        <line num="28" count="1550" type="stmt"/>
        <line num="29" count="1550" type="stmt"/>
        <line num="30" count="1550" type="stmt"/>
        <line num="31" count="1550" type="stmt"/>
        <line num="32" count="1550" type="stmt"/>
        <line num="34" count="100" type="cond" truecount="2" falsecount="0"/>
        <line num="35" count="28" type="stmt"/>
        <line num="36" count="28" type="stmt"/>
        <line num="37" count="28" type="stmt"/>
        <line num="38" count="28" type="stmt"/>
        <line num="39" count="28" type="cond" truecount="1" falsecount="0"/>
        <line num="40" count="28" type="stmt"/>
        <line num="41" count="28" type="stmt"/>
        <line num="43" count="72" type="cond" truecount="1" falsecount="0"/>
        <line num="44" count="35" type="stmt"/>
        <line num="45" count="35" type="stmt"/>
        <line num="46" count="35" type="stmt"/>
        <line num="47" count="35" type="stmt"/>
        <line num="48" count="35" type="stmt"/>
        <line num="49" count="35" type="stmt"/>
        <line num="50" count="35" type="stmt"/>
        <line num="51" count="35" type="stmt"/>
        <line num="52" count="35" type="cond" truecount="1" falsecount="0"/>
        <line num="54" count="100" type="stmt"/>
      </file>
      <file name="fromBase64.ts" path="/home/runner/work/base64/base64/src/fromBase64.ts">
        <metrics statements="7" coveredstatements="7" conditionals="6" coveredconditionals="4" methods="2" coveredmethods="2"/>
        <line num="1" count="1" type="stmt"/>
        <line num="2" count="1" type="stmt"/>
        <line num="3" count="1" type="stmt"/>
        <line num="5" count="61" type="cond" truecount="1" falsecount="1"/>
        <line num="6" count="1" type="stmt"/>
        <line num="8" count="1" type="cond" truecount="1" falsecount="1"/>
        <line num="10" count="100" type="cond" truecount="2" falsecount="0"/>
      </file>
      <file name="fromBase64Bin.ts" path="/home/runner/work/base64/base64/src/fromBase64Bin.ts">
        <metrics statements="2" coveredstatements="2" conditionals="0" coveredconditionals="0" methods="0" coveredmethods="0"/>
        <line num="1" count="1" type="stmt"/>
        <line num="3" count="1" type="stmt"/>
      </file>
      <file name="fromBase64Url.ts" path="/home/runner/work/base64/base64/src/fromBase64Url.ts">
        <metrics statements="2" coveredstatements="2" conditionals="0" coveredconditionals="0" methods="0" coveredmethods="0"/>
        <line num="1" count="1" type="stmt"/>
        <line num="3" count="1" type="stmt"/>
      </file>
      <file name="toBase64.ts" path="/home/runner/work/base64/base64/src/toBase64.ts">
        <metrics statements="8" coveredstatements="7" conditionals="3" coveredconditionals="2" methods="2" coveredmethods="1"/>
        <line num="1" count="4" type="stmt"/>
        <line num="2" count="4" type="stmt"/>
        <line num="4" count="4" type="stmt"/>
        <line num="6" count="4" type="cond" truecount="1" falsecount="1"/>
        <line num="7" count="0" type="stmt"/>
        <line num="9" count="500" type="stmt"/>
        <line num="10" count="500" type="cond" truecount="1" falsecount="0"/>
        <line num="11" count="253" type="stmt"/>
      </file>
      <file name="toBase64Bin.ts" path="/home/runner/work/base64/base64/src/toBase64Bin.ts">
        <metrics statements="2" coveredstatements="2" conditionals="0" coveredconditionals="0" methods="0" coveredmethods="0"/>
        <line num="1" count="1" type="stmt"/>
        <line num="3" count="1" type="stmt"/>
      </file>
      <file name="toBase64Url.ts" path="/home/runner/work/base64/base64/src/toBase64Url.ts">
        <metrics statements="2" coveredstatements="2" conditionals="0" coveredconditionals="0" methods="0" coveredmethods="0"/>
        <line num="1" count="1" type="stmt"/>
        <line num="3" count="1" type="stmt"/>
      </file>
    </package>
    <package name="src.util.buffers">
      <metrics statements="5" coveredstatements="5" conditionals="0" coveredconditionals="0" methods="2" coveredmethods="2"/>
      <file name="bufferToUint8Array.ts" path="/home/runner/work/base64/base64/src/util/buffers/bufferToUint8Array.ts">
        <metrics statements="1" coveredstatements="1" conditionals="0" coveredconditionals="0" methods="1" coveredmethods="1"/>
        <line num="1" count="161" type="stmt"/>
      </file>
      <file name="copy.ts" path="/home/runner/work/base64/base64/src/util/buffers/copy.ts">
        <metrics statements="4" coveredstatements="4" conditionals="0" coveredconditionals="0" methods="1" coveredmethods="1"/>
        <line num="1" count="1" type="stmt"/>
        <line num="2" count="200" type="stmt"/>
        <line num="3" count="200" type="stmt"/>
        <line num="4" count="200" type="stmt"/>
      </file>
    </package>
    <package name="src.util.strings">
      <metrics statements="4" coveredstatements="4" conditionals="0" coveredconditionals="0" methods="1" coveredmethods="1"/>
      <file name="flatstr.ts" path="/home/runner/work/base64/base64/src/util/strings/flatstr.ts">
        <metrics statements="4" coveredstatements="4" conditionals="0" coveredconditionals="0" methods="1" coveredmethods="1"/>
        <line num="1" count="5" type="stmt"/>
        <line num="2" count="24582" type="stmt"/>
        <line num="3" count="24582" type="stmt"/>
        <line num="4" count="24582" type="stmt"/>
      </file>
    </package>
  </project>
</coverage>
