{"/home/runner/work/base64/base64/src/constants.ts": {"path":"/home/runner/work/base64/base64/src/constants.ts","statementMap":{"0":{"start":{"line":1,"column":13},"end":{"line":1,"column":91}},"1":{"start":{"line":2,"column":13},"end":{"line":2,"column":91}}},"fnMap":{},"branchMap":{"0":{"loc":{"start":{"line":2,"column":25},"end":{"line":2,"column":90}},"type":"binary-expr","locations":[{"start":{"line":2,"column":25},"end":{"line":2,"column":53}},{"start":{"line":2,"column":57},"end":{"line":2,"column":90}}]}},"s":{"0":6,"1":6},"f":{},"b":{"0":[6,6]}}
,"/home/runner/work/base64/base64/src/createFromBase64.ts": {"path":"/home/runner/work/base64/base64/src/createFromBase64.ts","statementMap":{"0":{"start":{"line":1,"column":0},"end":{"line":1,"column":37}},"1":{"start":{"line":3,"column":10},"end":{"line":3,"column":13}},"2":{"start":{"line":5,"column":32},"end":{"line":66,"column":1}},"3":{"start":{"line":6,"column":2},"end":{"line":6,"column":79}},"4":{"start":{"line":6,"column":27},"end":{"line":6,"column":79}},"5":{"start":{"line":7,"column":12},"end":{"line":7,"column":13}},"6":{"start":{"line":8,"column":2},"end":{"line":8,"column":82}},"7":{"start":{"line":8,"column":15},"end":{"line":8,"column":16}},"8":{"start":{"line":8,"column":41},"end":{"line":8,"column":82}},"9":{"start":{"line":9,"column":26},"end":{"line":9,"column":28}},"10":{"start":{"line":10,"column":2},"end":{"line":10,"column":50}},"11":{"start":{"line":10,"column":15},"end":{"line":10,"column":16}},"12":{"start":{"line":10,"column":36},"end":{"line":10,"column":50}},"13":{"start":{"line":11,"column":2},"end":{"line":11,"column":72}},"14":{"start":{"line":11,"column":15},"end":{"line":11,"column":16}},"15":{"start":{"line":11,"column":41},"end":{"line":11,"column":72}},"16":{"start":{"line":13,"column":2},"end":{"line":65,"column":4}},"17":{"start":{"line":14,"column":4},"end":{"line":14,"column":43}},"18":{"start":{"line":14,"column":18},"end":{"line":14,"column":43}},"19":{"start":{"line":15,"column":17},"end":{"line":15,"column":31}},"20":{"start":{"line":16,"column":4},"end":{"line":25,"column":5}},"21":{"start":{"line":17,"column":18},"end":{"line":17,"column":28}},"22":{"start":{"line":18,"column":6},"end":{"line":24,"column":7}},"23":{"start":{"line":19,"column":8},"end":{"line":19,"column":24}},"24":{"start":{"line":20,"column":8},"end":{"line":20,"column":20}},"25":{"start":{"line":21,"column":13},"end":{"line":24,"column":7}},"26":{"start":{"line":22,"column":8},"end":{"line":22,"column":23}},"27":{"start":{"line":23,"column":8},"end":{"line":23,"column":20}},"28":{"start":{"line":26,"column":4},"end":{"line":26,"column":90}},"29":{"start":{"line":26,"column":26},"end":{"line":26,"column":90}},"30":{"start":{"line":27,"column":23},"end":{"line":27,"column":70}},"31":{"start":{"line":28,"column":23},"end":{"line":28,"column":40}},"32":{"start":{"line":29,"column":18},"end":{"line":29,"column":19}},"33":{"start":{"line":30,"column":4},"end":{"line":36,"column":5}},"34":{"start":{"line":31,"column":6},"end":{"line":31,"column":18}},"35":{"start":{"line":32,"column":6},"end":{"line":32,"column":24}},"36":{"start":{"line":33,"column":11},"end":{"line":36,"column":5}},"37":{"start":{"line":34,"column":6},"end":{"line":34,"column":18}},"38":{"start":{"line":35,"column":6},"end":{"line":35,"column":24}},"39":{"start":{"line":37,"column":16},"end":{"line":37,"column":44}},"40":{"start":{"line":38,"column":12},"end":{"line":38,"column":13}},"41":{"start":{"line":39,"column":12},"end":{"line":39,"column":13}},"42":{"start":{"line":40,"column":4},"end":{"line":50,"column":5}},"43":{"start":{"line":41,"column":22},"end":{"line":41,"column":50}},"44":{"start":{"line":42,"column":22},"end":{"line":42,"column":54}},"45":{"start":{"line":43,"column":22},"end":{"line":43,"column":54}},"46":{"start":{"line":44,"column":22},"end":{"line":44,"column":54}},"47":{"start":{"line":45,"column":6},"end":{"line":45,"column":109}},"48":{"start":{"line":45,"column":68},"end":{"line":45,"column":109}},"49":{"start":{"line":46,"column":6},"end":{"line":46,"column":47}},"50":{"start":{"line":47,"column":6},"end":{"line":47,"column":51}},"51":{"start":{"line":48,"column":6},"end":{"line":48,"column":44}},"52":{"start":{"line":49,"column":6},"end":{"line":49,"column":13}},"53":{"start":{"line":51,"column":4},"end":{"line":63,"column":5}},"54":{"start":{"line":52,"column":22},"end":{"line":52,"column":59}},"55":{"start":{"line":53,"column":22},"end":{"line":53,"column":63}},"56":{"start":{"line":54,"column":6},"end":{"line":54,"column":79}},"57":{"start":{"line":54,"column":38},"end":{"line":54,"column":79}},"58":{"start":{"line":55,"column":6},"end":{"line":55,"column":47}},"59":{"start":{"line":56,"column":11},"end":{"line":63,"column":5}},"60":{"start":{"line":57,"column":22},"end":{"line":57,"column":59}},"61":{"start":{"line":58,"column":22},"end":{"line":58,"column":63}},"62":{"start":{"line":59,"column":22},"end":{"line":59,"column":63}},"63":{"start":{"line":60,"column":6},"end":{"line":60,"column":94}},"64":{"start":{"line":60,"column":53},"end":{"line":60,"column":94}},"65":{"start":{"line":61,"column":6},"end":{"line":61,"column":47}},"66":{"start":{"line":62,"column":6},"end":{"line":62,"column":51}},"67":{"start":{"line":64,"column":4},"end":{"line":64,"column":15}},"68":{"start":{"line":5,"column":13},"end":{"line":5,"column":32}}},"fnMap":{"0":{"name":"(anonymous_0)","decl":{"start":{"line":5,"column":32},"end":{"line":5,"column":33}},"loc":{"start":{"line":5,"column":89},"end":{"line":66,"column":1}}},"1":{"name":"(anonymous_1)","decl":{"start":{"line":13,"column":9},"end":{"line":13,"column":10}},"loc":{"start":{"line":13,"column":41},"end":{"line":65,"column":3}}}},"branchMap":{"0":{"loc":{"start":{"line":5,"column":33},"end":{"line":5,"column":57}},"type":"default-arg","locations":[{"start":{"line":5,"column":49},"end":{"line":5,"column":57}}]},"1":{"loc":{"start":{"line":5,"column":59},"end":{"line":5,"column":85}},"type":"default-arg","locations":[{"start":{"line":5,"column":80},"end":{"line":5,"column":85}}]},"2":{"loc":{"start":{"line":6,"column":2},"end":{"line":6,"column":79}},"type":"if","locations":[{"start":{"line":6,"column":2},"end":{"line":6,"column":79}}]},"3":{"loc":{"start":{"line":14,"column":4},"end":{"line":14,"column":43}},"type":"if","locations":[{"start":{"line":14,"column":4},"end":{"line":14,"column":43}}]},"4":{"loc":{"start":{"line":16,"column":4},"end":{"line":25,"column":5}},"type":"if","locations":[{"start":{"line":16,"column":4},"end":{"line":25,"column":5}}]},"5":{"loc":{"start":{"line":18,"column":6},"end":{"line":24,"column":7}},"type":"if","locations":[{"start":{"line":18,"column":6},"end":{"line":24,"column":7}},{"start":{"line":21,"column":13},"end":{"line":24,"column":7}}]},"6":{"loc":{"start":{"line":21,"column":13},"end":{"line":24,"column":7}},"type":"if","locations":[{"start":{"line":21,"column":13},"end":{"line":24,"column":7}}]},"7":{"loc":{"start":{"line":26,"column":4},"end":{"line":26,"column":90}},"type":"if","locations":[{"start":{"line":26,"column":4},"end":{"line":26,"column":90}}]},"8":{"loc":{"start":{"line":27,"column":23},"end":{"line":27,"column":70}},"type":"cond-expr","locations":[{"start":{"line":27,"column":51},"end":{"line":27,"column":57}},{"start":{"line":27,"column":60},"end":{"line":27,"column":70}}]},"9":{"loc":{"start":{"line":30,"column":4},"end":{"line":36,"column":5}},"type":"if","locations":[{"start":{"line":30,"column":4},"end":{"line":36,"column":5}},{"start":{"line":33,"column":11},"end":{"line":36,"column":5}}]},"10":{"loc":{"start":{"line":33,"column":11},"end":{"line":36,"column":5}},"type":"if","locations":[{"start":{"line":33,"column":11},"end":{"line":36,"column":5}}]},"11":{"loc":{"start":{"line":45,"column":6},"end":{"line":45,"column":109}},"type":"if","locations":[{"start":{"line":45,"column":6},"end":{"line":45,"column":109}}]},"12":{"loc":{"start":{"line":45,"column":10},"end":{"line":45,"column":66}},"type":"binary-expr","locations":[{"start":{"line":45,"column":10},"end":{"line":45,"column":21}},{"start":{"line":45,"column":25},"end":{"line":45,"column":36}},{"start":{"line":45,"column":40},"end":{"line":45,"column":51}},{"start":{"line":45,"column":55},"end":{"line":45,"column":66}}]},"13":{"loc":{"start":{"line":51,"column":4},"end":{"line":63,"column":5}},"type":"if","locations":[{"start":{"line":51,"column":4},"end":{"line":63,"column":5}},{"start":{"line":56,"column":11},"end":{"line":63,"column":5}}]},"14":{"loc":{"start":{"line":54,"column":6},"end":{"line":54,"column":79}},"type":"if","locations":[{"start":{"line":54,"column":6},"end":{"line":54,"column":79}}]},"15":{"loc":{"start":{"line":54,"column":10},"end":{"line":54,"column":36}},"type":"binary-expr","locations":[{"start":{"line":54,"column":10},"end":{"line":54,"column":21}},{"start":{"line":54,"column":25},"end":{"line":54,"column":36}}]},"16":{"loc":{"start":{"line":56,"column":11},"end":{"line":63,"column":5}},"type":"if","locations":[{"start":{"line":56,"column":11},"end":{"line":63,"column":5}}]},"17":{"loc":{"start":{"line":60,"column":6},"end":{"line":60,"column":94}},"type":"if","locations":[{"start":{"line":60,"column":6},"end":{"line":60,"column":94}}]},"18":{"loc":{"start":{"line":60,"column":10},"end":{"line":60,"column":51}},"type":"binary-expr","locations":[{"start":{"line":60,"column":10},"end":{"line":60,"column":21}},{"start":{"line":60,"column":25},"end":{"line":60,"column":36}},{"start":{"line":60,"column":40},"end":{"line":60,"column":51}}]}},"s":{"0":2,"1":2,"2":2,"3":3,"4":0,"5":3,"6":3,"7":3,"8":192,"9":3,"10":3,"11":3,"12":369,"13":3,"14":3,"15":192,"16":3,"17":343,"18":8,"19":335,"20":335,"21":98,"22":98,"23":34,"24":34,"25":64,"26":34,"27":34,"28":335,"29":0,"30":335,"31":335,"32":335,"33":335,"34":84,"35":84,"36":251,"37":75,"38":75,"39":335,"40":335,"41":335,"42":335,"43":4863,"44":4863,"45":4863,"46":4863,"47":4863,"48":100,"49":4763,"50":4763,"51":4763,"52":4763,"53":235,"54":84,"55":84,"56":84,"57":0,"58":84,"59":151,"60":75,"61":75,"62":75,"63":75,"64":0,"65":75,"66":75,"67":235,"68":2},"f":{"0":3,"1":343},"b":{"0":[2],"1":[2],"2":[0],"3":[8],"4":[98],"5":[34,64],"6":[34],"7":[0],"8":[176,159],"9":[84,251],"10":[75],"11":[100],"12":[4863,4828,4828,4798],"13":[84,151],"14":[0],"15":[84,84],"16":[75],"17":[0],"18":[75,75,75]}}
,"/home/runner/work/base64/base64/src/createFromBase64Bin.ts": {"path":"/home/runner/work/base64/base64/src/createFromBase64Bin.ts","statementMap":{"0":{"start":{"line":1,"column":0},"end":{"line":1,"column":37}},"1":{"start":{"line":3,"column":35},"end":{"line":73,"column":1}},"2":{"start":{"line":4,"column":2},"end":{"line":4,"column":79}},"3":{"start":{"line":4,"column":27},"end":{"line":4,"column":79}},"4":{"start":{"line":5,"column":12},"end":{"line":5,"column":13}},"5":{"start":{"line":6,"column":2},"end":{"line":6,"column":82}},"6":{"start":{"line":6,"column":15},"end":{"line":6,"column":16}},"7":{"start":{"line":6,"column":41},"end":{"line":6,"column":82}},"8":{"start":{"line":7,"column":26},"end":{"line":7,"column":28}},"9":{"start":{"line":8,"column":2},"end":{"line":8,"column":50}},"10":{"start":{"line":8,"column":15},"end":{"line":8,"column":16}},"11":{"start":{"line":8,"column":36},"end":{"line":8,"column":50}},"12":{"start":{"line":9,"column":2},"end":{"line":9,"column":72}},"13":{"start":{"line":9,"column":15},"end":{"line":9,"column":16}},"14":{"start":{"line":9,"column":41},"end":{"line":9,"column":72}},"15":{"start":{"line":11,"column":26},"end":{"line":11,"column":42}},"16":{"start":{"line":12,"column":14},"end":{"line":12,"column":53}},"17":{"start":{"line":14,"column":2},"end":{"line":72,"column":4}},"18":{"start":{"line":15,"column":4},"end":{"line":15,"column":42}},"19":{"start":{"line":15,"column":17},"end":{"line":15,"column":42}},"20":{"start":{"line":16,"column":18},"end":{"line":16,"column":19}},"21":{"start":{"line":17,"column":4},"end":{"line":27,"column":5}},"22":{"start":{"line":18,"column":6},"end":{"line":18,"column":33}},"23":{"start":{"line":19,"column":6},"end":{"line":19,"column":24}},"24":{"start":{"line":21,"column":18},"end":{"line":21,"column":33}},"25":{"start":{"line":22,"column":19},"end":{"line":22,"column":26}},"26":{"start":{"line":23,"column":6},"end":{"line":26,"column":7}},"27":{"start":{"line":24,"column":8},"end":{"line":24,"column":20}},"28":{"start":{"line":25,"column":8},"end":{"line":25,"column":71}},"29":{"start":{"line":25,"column":59},"end":{"line":25,"column":71}},"30":{"start":{"line":28,"column":4},"end":{"line":28,"column":90}},"31":{"start":{"line":28,"column":26},"end":{"line":28,"column":90}},"32":{"start":{"line":29,"column":20},"end":{"line":29,"column":55}},"33":{"start":{"line":30,"column":25},"end":{"line":30,"column":52}},"34":{"start":{"line":31,"column":16},"end":{"line":31,"column":44}},"35":{"start":{"line":32,"column":12},"end":{"line":32,"column":13}},"36":{"start":{"line":33,"column":12},"end":{"line":33,"column":18}},"37":{"start":{"line":34,"column":4},"end":{"line":49,"column":5}},"38":{"start":{"line":35,"column":19},"end":{"line":35,"column":36}},"39":{"start":{"line":36,"column":21},"end":{"line":36,"column":32}},"40":{"start":{"line":37,"column":21},"end":{"line":37,"column":41}},"41":{"start":{"line":38,"column":21},"end":{"line":38,"column":40}},"42":{"start":{"line":39,"column":21},"end":{"line":39,"column":32}},"43":{"start":{"line":40,"column":22},"end":{"line":40,"column":35}},"44":{"start":{"line":41,"column":22},"end":{"line":41,"column":35}},"45":{"start":{"line":42,"column":22},"end":{"line":42,"column":35}},"46":{"start":{"line":43,"column":22},"end":{"line":43,"column":35}},"47":{"start":{"line":44,"column":6},"end":{"line":44,"column":106}},"48":{"start":{"line":44,"column":68},"end":{"line":44,"column":106}},"49":{"start":{"line":45,"column":6},"end":{"line":45,"column":47}},"50":{"start":{"line":46,"column":6},"end":{"line":46,"column":51}},"51":{"start":{"line":47,"column":6},"end":{"line":47,"column":44}},"52":{"start":{"line":48,"column":6},"end":{"line":48,"column":13}},"53":{"start":{"line":50,"column":4},"end":{"line":50,"column":29}},"54":{"start":{"line":50,"column":18},"end":{"line":50,"column":29}},"55":{"start":{"line":51,"column":4},"end":{"line":63,"column":5}},"56":{"start":{"line":52,"column":19},"end":{"line":52,"column":42}},"57":{"start":{"line":53,"column":21},"end":{"line":53,"column":30}},"58":{"start":{"line":54,"column":21},"end":{"line":54,"column":32}},"59":{"start":{"line":55,"column":21},"end":{"line":55,"column":47}},"60":{"start":{"line":56,"column":22},"end":{"line":56,"column":35}},"61":{"start":{"line":57,"column":22},"end":{"line":57,"column":35}},"62":{"start":{"line":58,"column":22},"end":{"line":58,"column":35}},"63":{"start":{"line":59,"column":6},"end":{"line":59,"column":91}},"64":{"start":{"line":59,"column":53},"end":{"line":59,"column":91}},"65":{"start":{"line":60,"column":6},"end":{"line":60,"column":47}},"66":{"start":{"line":61,"column":6},"end":{"line":61,"column":51}},"67":{"start":{"line":62,"column":6},"end":{"line":62,"column":17}},"68":{"start":{"line":64,"column":17},"end":{"line":64,"column":40}},"69":{"start":{"line":65,"column":19},"end":{"line":65,"column":28}},"70":{"start":{"line":66,"column":19},"end":{"line":66,"column":30}},"71":{"start":{"line":67,"column":20},"end":{"line":67,"column":33}},"72":{"start":{"line":68,"column":20},"end":{"line":68,"column":33}},"73":{"start":{"line":69,"column":4},"end":{"line":69,"column":74}},"74":{"start":{"line":69,"column":36},"end":{"line":69,"column":74}},"75":{"start":{"line":70,"column":4},"end":{"line":70,"column":45}},"76":{"start":{"line":71,"column":4},"end":{"line":71,"column":15}},"77":{"start":{"line":3,"column":13},"end":{"line":3,"column":35}}},"fnMap":{"0":{"name":"(anonymous_0)","decl":{"start":{"line":3,"column":35},"end":{"line":3,"column":36}},"loc":{"start":{"line":3,"column":83},"end":{"line":73,"column":1}}},"1":{"name":"(anonymous_1)","decl":{"start":{"line":14,"column":9},"end":{"line":14,"column":10}},"loc":{"start":{"line":14,"column":72},"end":{"line":72,"column":3}}}},"branchMap":{"0":{"loc":{"start":{"line":3,"column":36},"end":{"line":3,"column":60}},"type":"default-arg","locations":[{"start":{"line":3,"column":52},"end":{"line":3,"column":60}}]},"1":{"loc":{"start":{"line":3,"column":62},"end":{"line":3,"column":79}},"type":"default-arg","locations":[{"start":{"line":3,"column":76},"end":{"line":3,"column":79}}]},"2":{"loc":{"start":{"line":4,"column":2},"end":{"line":4,"column":79}},"type":"if","locations":[{"start":{"line":4,"column":2},"end":{"line":4,"column":79}}]},"3":{"loc":{"start":{"line":12,"column":14},"end":{"line":12,"column":53}},"type":"cond-expr","locations":[{"start":{"line":12,"column":32},"end":{"line":12,"column":49}},{"start":{"line":12,"column":52},"end":{"line":12,"column":53}}]},"4":{"loc":{"start":{"line":15,"column":4},"end":{"line":15,"column":42}},"type":"if","locations":[{"start":{"line":15,"column":4},"end":{"line":15,"column":42}}]},"5":{"loc":{"start":{"line":17,"column":4},"end":{"line":27,"column":5}},"type":"if","locations":[{"start":{"line":17,"column":4},"end":{"line":27,"column":5}},{"start":{"line":20,"column":11},"end":{"line":27,"column":5}}]},"6":{"loc":{"start":{"line":23,"column":6},"end":{"line":26,"column":7}},"type":"if","locations":[{"start":{"line":23,"column":6},"end":{"line":26,"column":7}}]},"7":{"loc":{"start":{"line":25,"column":8},"end":{"line":25,"column":71}},"type":"if","locations":[{"start":{"line":25,"column":8},"end":{"line":25,"column":71}}]},"8":{"loc":{"start":{"line":25,"column":12},"end":{"line":25,"column":57}},"type":"binary-expr","locations":[{"start":{"line":25,"column":12},"end":{"line":25,"column":22}},{"start":{"line":25,"column":26},"end":{"line":25,"column":57}}]},"9":{"loc":{"start":{"line":28,"column":4},"end":{"line":28,"column":90}},"type":"if","locations":[{"start":{"line":28,"column":4},"end":{"line":28,"column":90}}]},"10":{"loc":{"start":{"line":29,"column":39},"end":{"line":29,"column":54}},"type":"cond-expr","locations":[{"start":{"line":29,"column":49},"end":{"line":29,"column":50}},{"start":{"line":29,"column":53},"end":{"line":29,"column":54}}]},"11":{"loc":{"start":{"line":44,"column":6},"end":{"line":44,"column":106}},"type":"if","locations":[{"start":{"line":44,"column":6},"end":{"line":44,"column":106}}]},"12":{"loc":{"start":{"line":44,"column":10},"end":{"line":44,"column":66}},"type":"binary-expr","locations":[{"start":{"line":44,"column":10},"end":{"line":44,"column":21}},{"start":{"line":44,"column":25},"end":{"line":44,"column":36}},{"start":{"line":44,"column":40},"end":{"line":44,"column":51}},{"start":{"line":44,"column":55},"end":{"line":44,"column":66}}]},"13":{"loc":{"start":{"line":50,"column":4},"end":{"line":50,"column":29}},"type":"if","locations":[{"start":{"line":50,"column":4},"end":{"line":50,"column":29}}]},"14":{"loc":{"start":{"line":51,"column":4},"end":{"line":63,"column":5}},"type":"if","locations":[{"start":{"line":51,"column":4},"end":{"line":63,"column":5}}]},"15":{"loc":{"start":{"line":59,"column":6},"end":{"line":59,"column":91}},"type":"if","locations":[{"start":{"line":59,"column":6},"end":{"line":59,"column":91}}]},"16":{"loc":{"start":{"line":59,"column":10},"end":{"line":59,"column":51}},"type":"binary-expr","locations":[{"start":{"line":59,"column":10},"end":{"line":59,"column":21}},{"start":{"line":59,"column":25},"end":{"line":59,"column":36}},{"start":{"line":59,"column":40},"end":{"line":59,"column":51}}]},"17":{"loc":{"start":{"line":69,"column":4},"end":{"line":69,"column":74}},"type":"if","locations":[{"start":{"line":69,"column":4},"end":{"line":69,"column":74}}]},"18":{"loc":{"start":{"line":69,"column":8},"end":{"line":69,"column":34}},"type":"binary-expr","locations":[{"start":{"line":69,"column":8},"end":{"line":69,"column":19}},{"start":{"line":69,"column":23},"end":{"line":69,"column":34}}]}},"s":{"0":1,"1":1,"2":1,"3":0,"4":1,"5":1,"6":1,"7":64,"8":1,"9":1,"10":1,"11":123,"12":1,"13":1,"14":64,"15":1,"16":1,"17":1,"18":200,"19":2,"20":198,"21":198,"22":65,"23":65,"24":133,"25":133,"26":133,"27":65,"28":65,"29":28,"30":198,"31":0,"32":198,"33":198,"34":198,"35":198,"36":198,"37":198,"38":3332,"39":3332,"40":3332,"41":3332,"42":3332,"43":3332,"44":3332,"45":3332,"46":3332,"47":3332,"48":0,"49":3332,"50":3332,"51":3332,"52":3332,"53":198,"54":68,"55":130,"56":74,"57":74,"58":74,"59":74,"60":74,"61":74,"62":74,"63":74,"64":0,"65":74,"66":74,"67":74,"68":56,"69":56,"70":56,"71":56,"72":56,"73":56,"74":0,"75":56,"76":56,"77":1},"f":{"0":1,"1":200},"b":{"0":[1],"1":[1],"2":[0],"3":[1,0],"4":[2],"5":[65,133],"6":[65],"7":[28],"8":[65,65],"9":[0],"10":[130,68],"11":[0],"12":[3332,3332,3332,3332],"13":[68],"14":[74],"15":[0],"16":[74,74,74],"17":[0],"18":[56,56]}}
,"/home/runner/work/base64/base64/src/createToBase64.ts": {"path":"/home/runner/work/base64/base64/src/createToBase64.ts","statementMap":{"0":{"start":{"line":1,"column":0},"end":{"line":1,"column":47}},"1":{"start":{"line":2,"column":0},"end":{"line":2,"column":37}},"2":{"start":{"line":4,"column":30},"end":{"line":45,"column":1}},"3":{"start":{"line":5,"column":2},"end":{"line":5,"column":79}},"4":{"start":{"line":5,"column":27},"end":{"line":5,"column":79}},"5":{"start":{"line":7,"column":16},"end":{"line":7,"column":31}},"6":{"start":{"line":8,"column":27},"end":{"line":8,"column":29}},"7":{"start":{"line":10,"column":2},"end":{"line":15,"column":3}},"8":{"start":{"line":11,"column":4},"end":{"line":14,"column":5}},"9":{"start":{"line":12,"column":18},"end":{"line":12,"column":34}},"10":{"start":{"line":13,"column":6},"end":{"line":13,"column":23}},"11":{"start":{"line":17,"column":20},"end":{"line":17,"column":23}},"12":{"start":{"line":18,"column":21},"end":{"line":18,"column":39}},"13":{"start":{"line":20,"column":2},"end":{"line":44,"column":4}},"14":{"start":{"line":21,"column":14},"end":{"line":21,"column":16}},"15":{"start":{"line":22,"column":24},"end":{"line":22,"column":34}},"16":{"start":{"line":23,"column":23},"end":{"line":23,"column":43}},"17":{"start":{"line":24,"column":4},"end":{"line":31,"column":5}},"18":{"start":{"line":24,"column":17},"end":{"line":24,"column":18}},"19":{"start":{"line":25,"column":17},"end":{"line":25,"column":25}},"20":{"start":{"line":26,"column":17},"end":{"line":26,"column":29}},"21":{"start":{"line":27,"column":17},"end":{"line":27,"column":29}},"22":{"start":{"line":28,"column":17},"end":{"line":28,"column":38}},"23":{"start":{"line":29,"column":17},"end":{"line":29,"column":42}},"24":{"start":{"line":30,"column":6},"end":{"line":30,"column":37}},"25":{"start":{"line":32,"column":4},"end":{"line":32,"column":33}},"26":{"start":{"line":32,"column":22},"end":{"line":32,"column":33}},"27":{"start":{"line":33,"column":4},"end":{"line":42,"column":5}},"28":{"start":{"line":34,"column":17},"end":{"line":34,"column":34}},"29":{"start":{"line":35,"column":6},"end":{"line":35,"column":34}},"30":{"start":{"line":37,"column":17},"end":{"line":37,"column":34}},"31":{"start":{"line":38,"column":17},"end":{"line":38,"column":38}},"32":{"start":{"line":39,"column":17},"end":{"line":39,"column":38}},"33":{"start":{"line":40,"column":17},"end":{"line":40,"column":35}},"34":{"start":{"line":41,"column":6},"end":{"line":41,"column":40}},"35":{"start":{"line":43,"column":4},"end":{"line":43,"column":15}},"36":{"start":{"line":4,"column":13},"end":{"line":4,"column":30}}},"fnMap":{"0":{"name":"(anonymous_0)","decl":{"start":{"line":4,"column":30},"end":{"line":4,"column":31}},"loc":{"start":{"line":4,"column":78},"end":{"line":45,"column":1}}},"1":{"name":"(anonymous_1)","decl":{"start":{"line":20,"column":9},"end":{"line":20,"column":10}},"loc":{"start":{"line":20,"column":55},"end":{"line":44,"column":3}}}},"branchMap":{"0":{"loc":{"start":{"line":4,"column":31},"end":{"line":4,"column":55}},"type":"default-arg","locations":[{"start":{"line":4,"column":47},"end":{"line":4,"column":55}}]},"1":{"loc":{"start":{"line":4,"column":57},"end":{"line":4,"column":74}},"type":"default-arg","locations":[{"start":{"line":4,"column":71},"end":{"line":4,"column":74}}]},"2":{"loc":{"start":{"line":5,"column":2},"end":{"line":5,"column":79}},"type":"if","locations":[{"start":{"line":5,"column":2},"end":{"line":5,"column":79}}]},"3":{"loc":{"start":{"line":32,"column":4},"end":{"line":32,"column":33}},"type":"if","locations":[{"start":{"line":32,"column":4},"end":{"line":32,"column":33}}]},"4":{"loc":{"start":{"line":33,"column":4},"end":{"line":42,"column":5}},"type":"if","locations":[{"start":{"line":33,"column":4},"end":{"line":42,"column":5}},{"start":{"line":36,"column":11},"end":{"line":42,"column":5}}]}},"s":{"0":5,"1":5,"2":5,"3":6,"4":0,"5":6,"6":6,"7":6,"8":384,"9":24576,"10":24576,"11":6,"12":6,"13":6,"14":456,"15":456,"16":456,"17":456,"18":456,"19":5093,"20":5093,"21":5093,"22":5093,"23":5093,"24":5093,"25":456,"26":140,"27":316,"28":164,"29":164,"30":152,"31":152,"32":152,"33":152,"34":152,"35":316,"36":5},"f":{"0":6,"1":456},"b":{"0":[5],"1":[5],"2":[0],"3":[140],"4":[164,152]}}
,"/home/runner/work/base64/base64/src/createToBase64Bin.ts": {"path":"/home/runner/work/base64/base64/src/createToBase64Bin.ts","statementMap":{"0":{"start":{"line":1,"column":0},"end":{"line":1,"column":37}},"1":{"start":{"line":3,"column":33},"end":{"line":58,"column":1}},"2":{"start":{"line":4,"column":2},"end":{"line":4,"column":79}},"3":{"start":{"line":4,"column":27},"end":{"line":4,"column":79}},"4":{"start":{"line":6,"column":16},"end":{"line":6,"column":59}},"5":{"start":{"line":6,"column":43},"end":{"line":6,"column":58}},"6":{"start":{"line":7,"column":27},"end":{"line":7,"column":29}},"7":{"start":{"line":9,"column":2},"end":{"line":14,"column":3}},"8":{"start":{"line":10,"column":4},"end":{"line":13,"column":5}},"9":{"start":{"line":11,"column":18},"end":{"line":11,"column":32}},"10":{"start":{"line":12,"column":6},"end":{"line":12,"column":23}},"11":{"start":{"line":16,"column":23},"end":{"line":16,"column":39}},"12":{"start":{"line":17,"column":20},"end":{"line":17,"column":56}},"13":{"start":{"line":18,"column":21},"end":{"line":18,"column":52}},"14":{"start":{"line":20,"column":2},"end":{"line":57,"column":4}},"15":{"start":{"line":21,"column":24},"end":{"line":21,"column":34}},"16":{"start":{"line":22,"column":23},"end":{"line":22,"column":43}},"17":{"start":{"line":23,"column":4},"end":{"line":31,"column":5}},"18":{"start":{"line":24,"column":17},"end":{"line":24,"column":29}},"19":{"start":{"line":25,"column":17},"end":{"line":25,"column":33}},"20":{"start":{"line":26,"column":17},"end":{"line":26,"column":33}},"21":{"start":{"line":27,"column":17},"end":{"line":27,"column":38}},"22":{"start":{"line":28,"column":17},"end":{"line":28,"column":42}},"23":{"start":{"line":29,"column":6},"end":{"line":29,"column":61}},"24":{"start":{"line":30,"column":6},"end":{"line":30,"column":18}},"25":{"start":{"line":32,"column":4},"end":{"line":55,"column":5}},"26":{"start":{"line":33,"column":17},"end":{"line":33,"column":34}},"27":{"start":{"line":34,"column":6},"end":{"line":40,"column":7}},"28":{"start":{"line":35,"column":8},"end":{"line":35,"column":60}},"29":{"start":{"line":36,"column":8},"end":{"line":36,"column":20}},"30":{"start":{"line":38,"column":8},"end":{"line":38,"column":47}},"31":{"start":{"line":39,"column":8},"end":{"line":39,"column":20}},"32":{"start":{"line":41,"column":11},"end":{"line":55,"column":5}},"33":{"start":{"line":42,"column":17},"end":{"line":42,"column":34}},"34":{"start":{"line":43,"column":17},"end":{"line":43,"column":38}},"35":{"start":{"line":44,"column":17},"end":{"line":44,"column":38}},"36":{"start":{"line":45,"column":17},"end":{"line":45,"column":35}},"37":{"start":{"line":46,"column":6},"end":{"line":54,"column":7}},"38":{"start":{"line":47,"column":8},"end":{"line":47,"column":73}},"39":{"start":{"line":48,"column":8},"end":{"line":48,"column":20}},"40":{"start":{"line":50,"column":8},"end":{"line":50,"column":42}},"41":{"start":{"line":51,"column":8},"end":{"line":51,"column":20}},"42":{"start":{"line":52,"column":8},"end":{"line":52,"column":40}},"43":{"start":{"line":53,"column":8},"end":{"line":53,"column":20}},"44":{"start":{"line":56,"column":4},"end":{"line":56,"column":18}},"45":{"start":{"line":3,"column":13},"end":{"line":3,"column":33}}},"fnMap":{"0":{"name":"(anonymous_0)","decl":{"start":{"line":3,"column":33},"end":{"line":3,"column":34}},"loc":{"start":{"line":3,"column":81},"end":{"line":58,"column":1}}},"1":{"name":"(anonymous_1)","decl":{"start":{"line":6,"column":36},"end":{"line":6,"column":37}},"loc":{"start":{"line":6,"column":43},"end":{"line":6,"column":58}}},"2":{"name":"(anonymous_2)","decl":{"start":{"line":20,"column":9},"end":{"line":20,"column":10}},"loc":{"start":{"line":20,"column":102},"end":{"line":57,"column":3}}}},"branchMap":{"0":{"loc":{"start":{"line":3,"column":34},"end":{"line":3,"column":58}},"type":"default-arg","locations":[{"start":{"line":3,"column":50},"end":{"line":3,"column":58}}]},"1":{"loc":{"start":{"line":3,"column":60},"end":{"line":3,"column":77}},"type":"default-arg","locations":[{"start":{"line":3,"column":74},"end":{"line":3,"column":77}}]},"2":{"loc":{"start":{"line":4,"column":2},"end":{"line":4,"column":79}},"type":"if","locations":[{"start":{"line":4,"column":2},"end":{"line":4,"column":79}}]},"3":{"loc":{"start":{"line":17,"column":20},"end":{"line":17,"column":56}},"type":"cond-expr","locations":[{"start":{"line":17,"column":35},"end":{"line":17,"column":52}},{"start":{"line":17,"column":55},"end":{"line":17,"column":56}}]},"4":{"loc":{"start":{"line":18,"column":21},"end":{"line":18,"column":52}},"type":"cond-expr","locations":[{"start":{"line":18,"column":36},"end":{"line":18,"column":48}},{"start":{"line":18,"column":51},"end":{"line":18,"column":52}}]},"5":{"loc":{"start":{"line":32,"column":4},"end":{"line":55,"column":5}},"type":"if","locations":[{"start":{"line":32,"column":4},"end":{"line":55,"column":5}},{"start":{"line":41,"column":11},"end":{"line":55,"column":5}}]},"6":{"loc":{"start":{"line":34,"column":6},"end":{"line":40,"column":7}},"type":"if","locations":[{"start":{"line":34,"column":6},"end":{"line":40,"column":7}},{"start":{"line":37,"column":13},"end":{"line":40,"column":7}}]},"7":{"loc":{"start":{"line":41,"column":11},"end":{"line":55,"column":5}},"type":"if","locations":[{"start":{"line":41,"column":11},"end":{"line":55,"column":5}}]},"8":{"loc":{"start":{"line":46,"column":6},"end":{"line":54,"column":7}},"type":"if","locations":[{"start":{"line":46,"column":6},"end":{"line":54,"column":7}},{"start":{"line":49,"column":13},"end":{"line":54,"column":7}}]}},"s":{"0":2,"1":2,"2":3,"3":0,"4":3,"5":192,"6":3,"7":3,"8":192,"9":12288,"10":12288,"11":3,"12":3,"13":3,"14":3,"15":300,"16":300,"17":300,"18":5054,"19":5054,"20":5054,"21":5054,"22":5054,"23":5054,"24":5054,"25":300,"26":104,"27":104,"28":104,"29":104,"30":0,"31":0,"32":196,"33":111,"34":111,"35":111,"36":111,"37":111,"38":111,"39":111,"40":0,"41":0,"42":0,"43":0,"44":300,"45":2},"f":{"0":3,"1":192,"2":300},"b":{"0":[1],"1":[2],"2":[0],"3":[3,0],"4":[3,0],"5":[104,196],"6":[104,0],"7":[111],"8":[111,0]}}
,"/home/runner/work/base64/base64/src/createToBase64BinUint8.ts": {"path":"/home/runner/work/base64/base64/src/createToBase64BinUint8.ts","statementMap":{"0":{"start":{"line":1,"column":0},"end":{"line":1,"column":37}},"1":{"start":{"line":3,"column":38},"end":{"line":56,"column":1}},"2":{"start":{"line":4,"column":2},"end":{"line":4,"column":79}},"3":{"start":{"line":4,"column":27},"end":{"line":4,"column":79}},"4":{"start":{"line":6,"column":16},"end":{"line":6,"column":59}},"5":{"start":{"line":6,"column":43},"end":{"line":6,"column":58}},"6":{"start":{"line":7,"column":27},"end":{"line":7,"column":29}},"7":{"start":{"line":9,"column":2},"end":{"line":14,"column":3}},"8":{"start":{"line":10,"column":4},"end":{"line":13,"column":5}},"9":{"start":{"line":11,"column":18},"end":{"line":11,"column":32}},"10":{"start":{"line":12,"column":6},"end":{"line":12,"column":23}},"11":{"start":{"line":16,"column":22},"end":{"line":16,"column":62}},"12":{"start":{"line":18,"column":2},"end":{"line":55,"column":4}},"13":{"start":{"line":19,"column":24},"end":{"line":19,"column":34}},"14":{"start":{"line":20,"column":23},"end":{"line":20,"column":43}},"15":{"start":{"line":21,"column":4},"end":{"line":33,"column":5}},"16":{"start":{"line":22,"column":17},"end":{"line":22,"column":29}},"17":{"start":{"line":23,"column":17},"end":{"line":23,"column":33}},"18":{"start":{"line":24,"column":17},"end":{"line":24,"column":33}},"19":{"start":{"line":25,"column":17},"end":{"line":25,"column":38}},"20":{"start":{"line":26,"column":17},"end":{"line":26,"column":42}},"21":{"start":{"line":27,"column":16},"end":{"line":27,"column":26}},"22":{"start":{"line":28,"column":6},"end":{"line":28,"column":32}},"23":{"start":{"line":29,"column":6},"end":{"line":29,"column":27}},"24":{"start":{"line":30,"column":6},"end":{"line":30,"column":23}},"25":{"start":{"line":31,"column":6},"end":{"line":31,"column":32}},"26":{"start":{"line":32,"column":6},"end":{"line":32,"column":27}},"27":{"start":{"line":34,"column":4},"end":{"line":53,"column":5}},"28":{"start":{"line":35,"column":17},"end":{"line":35,"column":34}},"29":{"start":{"line":36,"column":18},"end":{"line":36,"column":33}},"30":{"start":{"line":37,"column":6},"end":{"line":37,"column":32}},"31":{"start":{"line":38,"column":6},"end":{"line":38,"column":27}},"32":{"start":{"line":39,"column":6},"end":{"line":42,"column":7}},"33":{"start":{"line":40,"column":8},"end":{"line":40,"column":29}},"34":{"start":{"line":41,"column":8},"end":{"line":41,"column":29}},"35":{"start":{"line":43,"column":11},"end":{"line":53,"column":5}},"36":{"start":{"line":44,"column":17},"end":{"line":44,"column":34}},"37":{"start":{"line":45,"column":17},"end":{"line":45,"column":38}},"38":{"start":{"line":46,"column":17},"end":{"line":46,"column":38}},"39":{"start":{"line":47,"column":17},"end":{"line":47,"column":35}},"40":{"start":{"line":48,"column":18},"end":{"line":48,"column":28}},"41":{"start":{"line":49,"column":6},"end":{"line":49,"column":32}},"42":{"start":{"line":50,"column":6},"end":{"line":50,"column":27}},"43":{"start":{"line":51,"column":6},"end":{"line":51,"column":33}},"44":{"start":{"line":52,"column":6},"end":{"line":52,"column":36}},"45":{"start":{"line":52,"column":15},"end":{"line":52,"column":36}},"46":{"start":{"line":54,"column":4},"end":{"line":54,"column":18}},"47":{"start":{"line":3,"column":13},"end":{"line":3,"column":38}}},"fnMap":{"0":{"name":"(anonymous_0)","decl":{"start":{"line":3,"column":38},"end":{"line":3,"column":39}},"loc":{"start":{"line":3,"column":86},"end":{"line":56,"column":1}}},"1":{"name":"(anonymous_1)","decl":{"start":{"line":6,"column":36},"end":{"line":6,"column":37}},"loc":{"start":{"line":6,"column":43},"end":{"line":6,"column":58}}},"2":{"name":"(anonymous_2)","decl":{"start":{"line":18,"column":9},"end":{"line":18,"column":10}},"loc":{"start":{"line":18,"column":104},"end":{"line":55,"column":3}}}},"branchMap":{"0":{"loc":{"start":{"line":3,"column":39},"end":{"line":3,"column":63}},"type":"default-arg","locations":[{"start":{"line":3,"column":55},"end":{"line":3,"column":63}}]},"1":{"loc":{"start":{"line":3,"column":65},"end":{"line":3,"column":82}},"type":"default-arg","locations":[{"start":{"line":3,"column":79},"end":{"line":3,"column":82}}]},"2":{"loc":{"start":{"line":4,"column":2},"end":{"line":4,"column":79}},"type":"if","locations":[{"start":{"line":4,"column":2},"end":{"line":4,"column":79}}]},"3":{"loc":{"start":{"line":16,"column":22},"end":{"line":16,"column":62}},"type":"cond-expr","locations":[{"start":{"line":16,"column":41},"end":{"line":16,"column":58}},{"start":{"line":16,"column":61},"end":{"line":16,"column":62}}]},"4":{"loc":{"start":{"line":34,"column":4},"end":{"line":53,"column":5}},"type":"if","locations":[{"start":{"line":34,"column":4},"end":{"line":53,"column":5}},{"start":{"line":43,"column":11},"end":{"line":53,"column":5}}]},"5":{"loc":{"start":{"line":39,"column":6},"end":{"line":42,"column":7}},"type":"if","locations":[{"start":{"line":39,"column":6},"end":{"line":42,"column":7}}]},"6":{"loc":{"start":{"line":43,"column":11},"end":{"line":53,"column":5}},"type":"if","locations":[{"start":{"line":43,"column":11},"end":{"line":53,"column":5}}]},"7":{"loc":{"start":{"line":52,"column":6},"end":{"line":52,"column":36}},"type":"if","locations":[{"start":{"line":52,"column":6},"end":{"line":52,"column":36}}]}},"s":{"0":1,"1":1,"2":1,"3":0,"4":1,"5":64,"6":1,"7":1,"8":64,"9":4096,"10":4096,"11":1,"12":1,"13":100,"14":100,"15":100,"16":1694,"17":1694,"18":1694,"19":1694,"20":1694,"21":1694,"22":1694,"23":1694,"24":1694,"25":1694,"26":1694,"27":100,"28":38,"29":38,"30":38,"31":38,"32":38,"33":38,"34":38,"35":62,"36":37,"37":37,"38":37,"39":37,"40":37,"41":37,"42":37,"43":37,"44":37,"45":37,"46":100,"47":1},"f":{"0":1,"1":64,"2":100},"b":{"0":[0],"1":[0],"2":[0],"3":[1,0],"4":[38,62],"5":[38],"6":[37],"7":[37]}}
,"/home/runner/work/base64/base64/src/fromBase64.ts": {"path":"/home/runner/work/base64/base64/src/fromBase64.ts","statementMap":{"0":{"start":{"line":1,"column":0},"end":{"line":1,"column":69}},"1":{"start":{"line":2,"column":0},"end":{"line":2,"column":38}},"2":{"start":{"line":3,"column":0},"end":{"line":3,"column":52}},"3":{"start":{"line":5,"column":22},"end":{"line":5,"column":112}},"4":{"start":{"line":5,"column":55},"end":{"line":5,"column":105}},"5":{"start":{"line":6,"column":25},"end":{"line":6,"column":43}},"6":{"start":{"line":8,"column":13},"end":{"line":10,"column":112}},"7":{"start":{"line":10,"column":38},"end":{"line":10,"column":110}}},"fnMap":{"0":{"name":"(anonymous_0)","decl":{"start":{"line":5,"column":34},"end":{"line":5,"column":35}},"loc":{"start":{"line":5,"column":55},"end":{"line":5,"column":105}}},"1":{"name":"(anonymous_1)","decl":{"start":{"line":10,"column":4},"end":{"line":10,"column":5}},"loc":{"start":{"line":10,"column":38},"end":{"line":10,"column":110}}}},"branchMap":{"0":{"loc":{"start":{"line":5,"column":22},"end":{"line":5,"column":112}},"type":"cond-expr","locations":[{"start":{"line":5,"column":34},"end":{"line":5,"column":105}},{"start":{"line":5,"column":108},"end":{"line":5,"column":112}}]},"1":{"loc":{"start":{"line":8,"column":26},"end":{"line":10,"column":111}},"type":"cond-expr","locations":[{"start":{"line":9,"column":4},"end":{"line":9,"column":20}},{"start":{"line":10,"column":4},"end":{"line":10,"column":111}}]},"2":{"loc":{"start":{"line":10,"column":38},"end":{"line":10,"column":110}},"type":"cond-expr","locations":[{"start":{"line":10,"column":60},"end":{"line":10,"column":82}},{"start":{"line":10,"column":85},"end":{"line":10,"column":110}}]}},"s":{"0":1,"1":1,"2":1,"3":1,"4":57,"5":1,"6":1,"7":100},"f":{"0":57,"1":100},"b":{"0":[1,0],"1":[0,1],"2":[57,43]}}
,"/home/runner/work/base64/base64/src/fromBase64Bin.ts": {"path":"/home/runner/work/base64/base64/src/fromBase64Bin.ts","statementMap":{"0":{"start":{"line":1,"column":0},"end":{"line":1,"column":58}},"1":{"start":{"line":3,"column":13},"end":{"line":3,"column":51}}},"fnMap":{},"branchMap":{},"s":{"0":1,"1":1},"f":{},"b":{}}
,"/home/runner/work/base64/base64/src/fromBase64Url.ts": {"path":"/home/runner/work/base64/base64/src/fromBase64Url.ts","statementMap":{"0":{"start":{"line":1,"column":0},"end":{"line":1,"column":52}},"1":{"start":{"line":3,"column":13},"end":{"line":3,"column":120}}},"fnMap":{},"branchMap":{},"s":{"0":1,"1":1},"f":{},"b":{}}
,"/home/runner/work/base64/base64/src/toBase64.ts": {"path":"/home/runner/work/base64/base64/src/toBase64.ts","statementMap":{"0":{"start":{"line":1,"column":0},"end":{"line":1,"column":38}},"1":{"start":{"line":2,"column":0},"end":{"line":2,"column":48}},"2":{"start":{"line":4,"column":20},"end":{"line":4,"column":36}},"3":{"start":{"line":6,"column":13},"end":{"line":12,"column":6}},"4":{"start":{"line":7,"column":27},"end":{"line":7,"column":59}},"5":{"start":{"line":9,"column":21},"end":{"line":9,"column":33}},"6":{"start":{"line":10,"column":6},"end":{"line":10,"column":58}},"7":{"start":{"line":10,"column":24},"end":{"line":10,"column":58}},"8":{"start":{"line":11,"column":6},"end":{"line":11,"column":51}}},"fnMap":{"0":{"name":"(anonymous_0)","decl":{"start":{"line":7,"column":4},"end":{"line":7,"column":5}},"loc":{"start":{"line":7,"column":27},"end":{"line":7,"column":59}}},"1":{"name":"(anonymous_1)","decl":{"start":{"line":8,"column":4},"end":{"line":8,"column":5}},"loc":{"start":{"line":8,"column":34},"end":{"line":12,"column":5}}}},"branchMap":{"0":{"loc":{"start":{"line":6,"column":24},"end":{"line":12,"column":5}},"type":"cond-expr","locations":[{"start":{"line":7,"column":4},"end":{"line":7,"column":59}},{"start":{"line":8,"column":4},"end":{"line":12,"column":5}}]},"1":{"loc":{"start":{"line":10,"column":6},"end":{"line":10,"column":58}},"type":"if","locations":[{"start":{"line":10,"column":6},"end":{"line":10,"column":58}}]}},"s":{"0":4,"1":4,"2":4,"3":4,"4":0,"5":500,"6":500,"7":256,"8":244},"f":{"0":0,"1":500},"b":{"0":[0,4],"1":[256]}}
,"/home/runner/work/base64/base64/src/toBase64Bin.ts": {"path":"/home/runner/work/base64/base64/src/toBase64Bin.ts","statementMap":{"0":{"start":{"line":1,"column":0},"end":{"line":1,"column":54}},"1":{"start":{"line":3,"column":13},"end":{"line":3,"column":47}}},"fnMap":{},"branchMap":{},"s":{"0":1,"1":1},"f":{},"b":{}}
,"/home/runner/work/base64/base64/src/toBase64Url.ts": {"path":"/home/runner/work/base64/base64/src/toBase64Url.ts","statementMap":{"0":{"start":{"line":1,"column":0},"end":{"line":1,"column":48}},"1":{"start":{"line":3,"column":13},"end":{"line":3,"column":114}}},"fnMap":{},"branchMap":{},"s":{"0":1,"1":1},"f":{},"b":{}}
,"/home/runner/work/base64/base64/src/util/buffers/bufferToUint8Array.ts": {"path":"/home/runner/work/base64/base64/src/util/buffers/bufferToUint8Array.ts","statementMap":{"0":{"start":{"line":1,"column":34},"end":{"line":1,"column":117}},"1":{"start":{"line":1,"column":63},"end":{"line":1,"column":117}},"2":{"start":{"line":1,"column":13},"end":{"line":1,"column":34}}},"fnMap":{"0":{"name":"(anonymous_0)","decl":{"start":{"line":1,"column":34},"end":{"line":1,"column":35}},"loc":{"start":{"line":1,"column":63},"end":{"line":1,"column":117}}}},"branchMap":{},"s":{"0":2,"1":157,"2":2},"f":{"0":157},"b":{}}
,"/home/runner/work/base64/base64/src/util/buffers/copy.ts": {"path":"/home/runner/work/base64/base64/src/util/buffers/copy.ts","statementMap":{"0":{"start":{"line":1,"column":20},"end":{"line":5,"column":1}},"1":{"start":{"line":2,"column":15},"end":{"line":2,"column":46}},"2":{"start":{"line":3,"column":2},"end":{"line":3,"column":16}},"3":{"start":{"line":4,"column":2},"end":{"line":4,"column":14}},"4":{"start":{"line":1,"column":13},"end":{"line":1,"column":20}}},"fnMap":{"0":{"name":"(anonymous_0)","decl":{"start":{"line":1,"column":20},"end":{"line":1,"column":43}},"loc":{"start":{"line":1,"column":56},"end":{"line":5,"column":1}}}},"branchMap":{},"s":{"0":1,"1":200,"2":200,"3":200,"4":1},"f":{"0":200},"b":{}}
,"/home/runner/work/base64/base64/src/util/strings/flatstr.ts": {"path":"/home/runner/work/base64/base64/src/util/strings/flatstr.ts","statementMap":{"0":{"start":{"line":1,"column":23},"end":{"line":5,"column":1}},"1":{"start":{"line":2,"column":8},"end":{"line":2,"column":15}},"2":{"start":{"line":3,"column":2},"end":{"line":3,"column":12}},"3":{"start":{"line":4,"column":2},"end":{"line":4,"column":11}},"4":{"start":{"line":1,"column":13},"end":{"line":1,"column":23}}},"fnMap":{"0":{"name":"(anonymous_0)","decl":{"start":{"line":1,"column":23},"end":{"line":1,"column":24}},"loc":{"start":{"line":1,"column":45},"end":{"line":5,"column":1}}}},"branchMap":{},"s":{"0":5,"1":24582,"2":24582,"3":24582,"4":5},"f":{"0":24582},"b":{}}
}
