TN:
SF:src/constants.ts
FNF:0
FNH:0
DA:1,6
DA:2,6
LF:2
LH:2
BRDA:2,0,0,6
BRDA:2,0,1,6
BRF:2
BRH:2
end_of_record
TN:
SF:src/createFromBase64.ts
FN:5,(anonymous_0)
FN:13,(anonymous_1)
FNF:2
FNH:2
FNDA:3,(anonymous_0)
FNDA:339,(anonymous_1)
DA:1,2
DA:3,2
DA:5,2
DA:6,3
DA:7,3
DA:8,192
DA:9,3
DA:10,369
DA:11,192
DA:13,3
DA:14,339
DA:15,335
DA:16,335
DA:17,100
DA:18,100
DA:19,26
DA:20,26
DA:21,74
DA:22,34
DA:23,34
DA:26,335
DA:27,335
DA:28,335
DA:29,335
DA:30,335
DA:31,64
DA:32,64
DA:33,271
DA:34,82
DA:35,82
DA:37,335
DA:38,335
DA:39,335
DA:40,335
DA:41,5017
DA:42,5017
DA:43,5017
DA:44,5017
DA:45,5017
DA:46,4917
DA:47,4917
DA:48,4917
DA:49,4917
DA:51,235
DA:52,64
DA:53,64
DA:54,64
DA:55,64
DA:56,171
DA:57,82
DA:58,82
DA:59,82
DA:60,82
DA:61,82
DA:62,82
DA:64,235
LF:56
LH:56
BRDA:5,0,0,2
BRDA:5,1,0,2
BRDA:6,2,0,0
BRDA:14,3,0,4
BRDA:16,4,0,100
BRDA:18,5,0,26
BRDA:18,5,1,74
BRDA:21,6,0,34
BRDA:26,7,0,0
BRDA:27,8,0,189
BRDA:27,8,1,146
BRDA:30,9,0,64
BRDA:30,9,1,271
BRDA:33,10,0,82
BRDA:45,11,0,100
BRDA:45,12,0,5017
BRDA:45,12,1,4982
BRDA:45,12,2,4982
BRDA:45,12,3,4953
BRDA:51,13,0,64
BRDA:51,13,1,171
BRDA:54,14,0,0
BRDA:54,15,0,64
BRDA:54,15,1,64
BRDA:56,16,0,82
BRDA:60,17,0,0
BRDA:60,18,0,82
BRDA:60,18,1,82
BRDA:60,18,2,82
BRF:29
BRH:25
end_of_record
TN:
SF:src/createFromBase64Bin.ts
FN:3,(anonymous_0)
FN:14,(anonymous_1)
FNF:2
FNH:2
FNDA:1,(anonymous_0)
FNDA:200,(anonymous_1)
DA:1,1
DA:3,1
DA:4,1
DA:5,1
DA:6,64
DA:7,1
DA:8,123
DA:9,64
DA:11,1
DA:12,1
DA:14,1
DA:15,200
DA:16,196
DA:17,196
DA:18,77
DA:19,77
DA:21,119
DA:22,119
DA:23,119
DA:24,77
DA:25,77
DA:28,196
DA:29,196
DA:30,196
DA:31,196
DA:32,196
DA:33,196
DA:34,196
DA:35,3240
DA:36,3240
DA:37,3240
DA:38,3240
DA:39,3240
DA:40,3240
DA:41,3240
DA:42,3240
DA:43,3240
DA:44,3240
DA:45,3240
DA:46,3240
DA:47,3240
DA:48,3240
DA:50,196
DA:51,154
DA:52,92
DA:53,92
DA:54,92
DA:55,92
DA:56,92
DA:57,92
DA:58,92
DA:59,92
DA:60,92
DA:61,92
DA:62,92
DA:64,62
DA:65,62
DA:66,62
DA:67,62
DA:68,62
DA:69,62
DA:70,62
DA:71,62
LF:63
LH:63
BRDA:3,0,0,1
BRDA:3,1,0,1
BRDA:4,2,0,0
BRDA:12,3,0,1
BRDA:12,3,1,0
BRDA:15,4,0,4
BRDA:17,5,0,77
BRDA:17,5,1,119
BRDA:23,6,0,77
BRDA:25,7,0,31
BRDA:25,8,0,77
BRDA:25,8,1,77
BRDA:28,9,0,0
BRDA:29,10,0,154
BRDA:29,10,1,42
BRDA:44,11,0,0
BRDA:44,12,0,3240
BRDA:44,12,1,3240
BRDA:44,12,2,3240
BRDA:44,12,3,3240
BRDA:50,13,0,42
BRDA:51,14,0,92
BRDA:59,15,0,0
BRDA:59,16,0,92
BRDA:59,16,1,92
BRDA:59,16,2,92
BRDA:69,17,0,0
BRDA:69,18,0,62
BRDA:69,18,1,62
BRF:29
BRH:23
end_of_record
TN:
SF:src/createToBase64.ts
FN:4,(anonymous_0)
FN:20,(anonymous_1)
FNF:2
FNH:2
FNDA:6,(anonymous_0)
FNDA:447,(anonymous_1)
DA:1,5
DA:2,5
DA:4,5
DA:5,6
DA:7,6
DA:8,6
DA:10,6
DA:11,384
DA:12,24576
DA:13,24576
DA:17,6
DA:18,6
DA:20,6
DA:21,447
DA:22,447
DA:23,447
DA:24,447
DA:25,5256
DA:26,5256
DA:27,5256
DA:28,5256
DA:29,5256
DA:30,5256
DA:32,447
DA:33,294
DA:34,143
DA:35,143
DA:37,151
DA:38,151
DA:39,151
DA:40,151
DA:41,151
DA:43,294
LF:33
LH:33
BRDA:4,0,0,5
BRDA:4,1,0,5
BRDA:5,2,0,0
BRDA:32,3,0,153
BRDA:33,4,0,143
BRDA:33,4,1,151
BRF:6
BRH:5
end_of_record
TN:
SF:src/createToBase64Bin.ts
FN:3,(anonymous_0)
FN:6,(anonymous_1)
FN:20,(anonymous_2)
FNF:3
FNH:3
FNDA:3,(anonymous_0)
FNDA:192,(anonymous_1)
FNDA:300,(anonymous_2)
DA:1,2
DA:3,2
DA:4,3
DA:6,192
DA:7,3
DA:9,3
DA:10,192
DA:11,12288
DA:12,12288
DA:16,3
DA:17,3
DA:18,3
DA:20,3
DA:21,300
DA:22,300
DA:23,300
DA:24,4720
DA:25,4720
DA:26,4720
DA:27,4720
DA:28,4720
DA:29,4720
DA:30,4720
DA:32,300
DA:33,87
DA:34,87
DA:35,87
DA:36,87
DA:38,0
DA:39,0
DA:41,213
DA:42,116
DA:43,116
DA:44,116
DA:45,116
DA:46,116
DA:47,116
DA:48,116
DA:50,0
DA:51,0
DA:52,0
DA:53,0
DA:56,300
LF:43
LH:37
BRDA:3,0,0,1
BRDA:3,1,0,2
BRDA:4,2,0,0
BRDA:17,3,0,3
BRDA:17,3,1,0
BRDA:18,4,0,3
BRDA:18,4,1,0
BRDA:32,5,0,87
BRDA:32,5,1,213
BRDA:34,6,0,87
BRDA:34,6,1,0
BRDA:41,7,0,116
BRDA:46,8,0,116
BRDA:46,8,1,0
BRF:14
BRH:9
end_of_record
TN:
SF:src/createToBase64BinUint8.ts
FN:3,(anonymous_0)
FN:6,(anonymous_1)
FN:18,(anonymous_2)
FNF:3
FNH:3
FNDA:1,(anonymous_0)
FNDA:64,(anonymous_1)
FNDA:100,(anonymous_2)
DA:1,1
DA:3,1
DA:4,1
DA:6,64
DA:7,1
DA:9,1
DA:10,64
DA:11,4096
DA:12,4096
DA:16,1
DA:18,1
DA:19,100
DA:20,100
DA:21,100
DA:22,1550
DA:23,1550
DA:24,1550
DA:25,1550
DA:26,1550
DA:27,1550
DA:28,1550
DA:29,1550
DA:30,1550
DA:31,1550
DA:32,1550
DA:34,100
DA:35,28
DA:36,28
DA:37,28
DA:38,28
DA:39,28
DA:40,28
DA:41,28
DA:43,72
DA:44,35
DA:45,35
DA:46,35
DA:47,35
DA:48,35
DA:49,35
DA:50,35
DA:51,35
DA:52,35
DA:54,100
LF:44
LH:44
BRDA:3,0,0,0
BRDA:3,1,0,0
BRDA:4,2,0,0
BRDA:16,3,0,1
BRDA:16,3,1,0
BRDA:34,4,0,28
BRDA:34,4,1,72
BRDA:39,5,0,28
BRDA:43,6,0,35
BRDA:52,7,0,35
BRF:10
BRH:6
end_of_record
TN:
SF:src/fromBase64.ts
FN:5,(anonymous_0)
FN:10,(anonymous_1)
FNF:2
FNH:2
FNDA:61,(anonymous_0)
FNDA:100,(anonymous_1)
DA:1,1
DA:2,1
DA:3,1
DA:5,61
DA:6,1
DA:8,1
DA:10,100
LF:7
LH:7
BRDA:5,0,0,1
BRDA:5,0,1,0
BRDA:8,1,0,0
BRDA:8,1,1,1
BRDA:10,2,0,61
BRDA:10,2,1,39
BRF:6
BRH:4
end_of_record
TN:
SF:src/fromBase64Bin.ts
FNF:0
FNH:0
DA:1,1
DA:3,1
LF:2
LH:2
BRF:0
BRH:0
end_of_record
TN:
SF:src/fromBase64Url.ts
FNF:0
FNH:0
DA:1,1
DA:3,1
LF:2
LH:2
BRF:0
BRH:0
end_of_record
TN:
SF:src/toBase64.ts
FN:7,(anonymous_0)
FN:8,(anonymous_1)
FNF:2
FNH:1
FNDA:0,(anonymous_0)
FNDA:500,(anonymous_1)
DA:1,4
DA:2,4
DA:4,4
DA:6,4
DA:7,0
DA:9,500
DA:10,500
DA:11,253
LF:8
LH:7
BRDA:6,0,0,0
BRDA:6,0,1,4
BRDA:10,1,0,247
BRF:3
BRH:2
end_of_record
TN:
SF:src/toBase64Bin.ts
FNF:0
FNH:0
DA:1,1
DA:3,1
LF:2
LH:2
BRF:0
BRH:0
end_of_record
TN:
SF:src/toBase64Url.ts
FNF:0
FNH:0
DA:1,1
DA:3,1
LF:2
LH:2
BRF:0
BRH:0
end_of_record
TN:
SF:src/util/buffers/bufferToUint8Array.ts
FN:1,(anonymous_0)
FNF:1
FNH:1
FNDA:161,(anonymous_0)
DA:1,161
LF:1
LH:1
BRF:0
BRH:0
end_of_record
TN:
SF:src/util/buffers/copy.ts
FN:1,(anonymous_0)
FNF:1
FNH:1
FNDA:200,(anonymous_0)
DA:1,1
DA:2,200
DA:3,200
DA:4,200
LF:4
LH:4
BRF:0
BRH:0
end_of_record
TN:
SF:src/util/strings/flatstr.ts
FN:1,(anonymous_0)
FNF:1
FNH:1
FNDA:24582,(anonymous_0)
DA:1,5
DA:2,24582
DA:3,24582
DA:4,24582
LF:4
LH:4
BRF:0
BRH:0
end_of_record
