TN:
SF:src/constants.ts
FNF:0
FNH:0
DA:1,6
DA:2,6
LF:2
LH:2
BRDA:2,0,0,6
BRDA:2,0,1,6
BRF:2
BRH:2
end_of_record
TN:
SF:src/createFromBase64.ts
FN:5,(anonymous_0)
FN:13,(anonymous_1)
FNF:2
FNH:2
FNDA:3,(anonymous_0)
FNDA:339,(anonymous_1)
DA:1,2
DA:3,2
DA:5,2
DA:6,3
DA:7,3
DA:8,192
DA:9,3
DA:10,369
DA:11,192
DA:13,3
DA:14,339
DA:15,335
DA:16,335
DA:17,100
DA:18,100
DA:19,37
DA:20,37
DA:21,63
DA:22,39
DA:23,39
DA:26,335
DA:27,335
DA:28,335
DA:29,335
DA:30,335
DA:31,88
DA:32,88
DA:33,247
DA:34,78
DA:35,78
DA:37,335
DA:38,335
DA:39,335
DA:40,335
DA:41,5087
DA:42,5087
DA:43,5087
DA:44,5087
DA:45,5087
DA:46,4987
DA:47,4987
DA:48,4987
DA:49,4987
DA:51,235
DA:52,88
DA:53,88
DA:54,88
DA:55,88
DA:56,147
DA:57,78
DA:58,78
DA:59,78
DA:60,78
DA:61,78
DA:62,78
DA:64,235
LF:56
LH:56
BRDA:5,0,0,2
BRDA:5,1,0,2
BRDA:6,2,0,0
BRDA:14,3,0,4
BRDA:16,4,0,100
BRDA:18,5,0,37
BRDA:18,5,1,63
BRDA:21,6,0,39
BRDA:26,7,0,0
BRDA:27,8,0,169
BRDA:27,8,1,166
BRDA:30,9,0,88
BRDA:30,9,1,247
BRDA:33,10,0,78
BRDA:45,11,0,100
BRDA:45,12,0,5087
BRDA:45,12,1,5054
BRDA:45,12,2,5054
BRDA:45,12,3,5022
BRDA:51,13,0,88
BRDA:51,13,1,147
BRDA:54,14,0,0
BRDA:54,15,0,88
BRDA:54,15,1,88
BRDA:56,16,0,78
BRDA:60,17,0,0
BRDA:60,18,0,78
BRDA:60,18,1,78
BRDA:60,18,2,78
BRF:29
BRH:25
end_of_record
TN:
SF:src/createFromBase64Bin.ts
FN:3,(anonymous_0)
FN:14,(anonymous_1)
FNF:2
FNH:2
FNDA:1,(anonymous_0)
FNDA:200,(anonymous_1)
DA:1,1
DA:3,1
DA:4,1
DA:5,1
DA:6,64
DA:7,1
DA:8,123
DA:9,64
DA:11,1
DA:12,1
DA:14,1
DA:15,200
DA:16,200
DA:17,200
DA:18,64
DA:19,64
DA:21,136
DA:22,136
DA:23,136
DA:24,64
DA:25,64
DA:28,200
DA:29,200
DA:30,200
DA:31,200
DA:32,200
DA:33,200
DA:34,200
DA:35,2952
DA:36,2952
DA:37,2952
DA:38,2952
DA:39,2952
DA:40,2952
DA:41,2952
DA:42,2952
DA:43,2952
DA:44,2952
DA:45,2952
DA:46,2952
DA:47,2952
DA:48,2952
DA:50,200
DA:51,128
DA:52,58
DA:53,58
DA:54,58
DA:55,58
DA:56,58
DA:57,58
DA:58,58
DA:59,58
DA:60,58
DA:61,58
DA:62,58
DA:64,70
DA:65,70
DA:66,70
DA:67,70
DA:68,70
DA:69,70
DA:70,70
DA:71,70
LF:63
LH:63
BRDA:3,0,0,1
BRDA:3,1,0,1
BRDA:4,2,0,0
BRDA:12,3,0,1
BRDA:12,3,1,0
BRDA:15,4,0,0
BRDA:17,5,0,64
BRDA:17,5,1,136
BRDA:23,6,0,64
BRDA:25,7,0,35
BRDA:25,8,0,64
BRDA:25,8,1,64
BRDA:28,9,0,0
BRDA:29,10,0,128
BRDA:29,10,1,72
BRDA:44,11,0,0
BRDA:44,12,0,2952
BRDA:44,12,1,2952
BRDA:44,12,2,2952
BRDA:44,12,3,2952
BRDA:50,13,0,72
BRDA:51,14,0,58
BRDA:59,15,0,0
BRDA:59,16,0,58
BRDA:59,16,1,58
BRDA:59,16,2,58
BRDA:69,17,0,0
BRDA:69,18,0,70
BRDA:69,18,1,70
BRF:29
BRH:22
end_of_record
TN:
SF:src/createToBase64.ts
FN:4,(anonymous_0)
FN:20,(anonymous_1)
FNF:2
FNH:2
FNDA:6,(anonymous_0)
FNDA:443,(anonymous_1)
DA:1,5
DA:2,5
DA:4,5
DA:5,6
DA:7,6
DA:8,6
DA:10,6
DA:11,384
DA:12,24576
DA:13,24576
DA:17,6
DA:18,6
DA:20,6
DA:21,443
DA:22,443
DA:23,443
DA:24,443
DA:25,5493
DA:26,5493
DA:27,5493
DA:28,5493
DA:29,5493
DA:30,5493
DA:32,443
DA:33,296
DA:34,157
DA:35,157
DA:37,139
DA:38,139
DA:39,139
DA:40,139
DA:41,139
DA:43,296
LF:33
LH:33
BRDA:4,0,0,5
BRDA:4,1,0,5
BRDA:5,2,0,0
BRDA:32,3,0,147
BRDA:33,4,0,157
BRDA:33,4,1,139
BRF:6
BRH:5
end_of_record
TN:
SF:src/createToBase64Bin.ts
FN:3,(anonymous_0)
FN:6,(anonymous_1)
FN:20,(anonymous_2)
FNF:3
FNH:3
FNDA:3,(anonymous_0)
FNDA:192,(anonymous_1)
FNDA:300,(anonymous_2)
DA:1,2
DA:3,2
DA:4,3
DA:6,192
DA:7,3
DA:9,3
DA:10,192
DA:11,12288
DA:12,12288
DA:16,3
DA:17,3
DA:18,3
DA:20,3
DA:21,300
DA:22,300
DA:23,300
DA:24,4860
DA:25,4860
DA:26,4860
DA:27,4860
DA:28,4860
DA:29,4860
DA:30,4860
DA:32,300
DA:33,87
DA:34,87
DA:35,87
DA:36,87
DA:38,0
DA:39,0
DA:41,213
DA:42,79
DA:43,79
DA:44,79
DA:45,79
DA:46,79
DA:47,79
DA:48,79
DA:50,0
DA:51,0
DA:52,0
DA:53,0
DA:56,300
LF:43
LH:37
BRDA:3,0,0,1
BRDA:3,1,0,2
BRDA:4,2,0,0
BRDA:17,3,0,3
BRDA:17,3,1,0
BRDA:18,4,0,3
BRDA:18,4,1,0
BRDA:32,5,0,87
BRDA:32,5,1,213
BRDA:34,6,0,87
BRDA:34,6,1,0
BRDA:41,7,0,79
BRDA:46,8,0,79
BRDA:46,8,1,0
BRF:14
BRH:9
end_of_record
TN:
SF:src/createToBase64BinUint8.ts
FN:3,(anonymous_0)
FN:6,(anonymous_1)
FN:18,(anonymous_2)
FNF:3
FNH:3
FNDA:1,(anonymous_0)
FNDA:64,(anonymous_1)
FNDA:100,(anonymous_2)
DA:1,1
DA:3,1
DA:4,1
DA:6,64
DA:7,1
DA:9,1
DA:10,64
DA:11,4096
DA:12,4096
DA:16,1
DA:18,1
DA:19,100
DA:20,100
DA:21,100
DA:22,1692
DA:23,1692
DA:24,1692
DA:25,1692
DA:26,1692
DA:27,1692
DA:28,1692
DA:29,1692
DA:30,1692
DA:31,1692
DA:32,1692
DA:34,100
DA:35,26
DA:36,26
DA:37,26
DA:38,26
DA:39,26
DA:40,26
DA:41,26
DA:43,74
DA:44,25
DA:45,25
DA:46,25
DA:47,25
DA:48,25
DA:49,25
DA:50,25
DA:51,25
DA:52,25
DA:54,100
LF:44
LH:44
BRDA:3,0,0,0
BRDA:3,1,0,0
BRDA:4,2,0,0
BRDA:16,3,0,1
BRDA:16,3,1,0
BRDA:34,4,0,26
BRDA:34,4,1,74
BRDA:39,5,0,26
BRDA:43,6,0,25
BRDA:52,7,0,25
BRF:10
BRH:6
end_of_record
TN:
SF:src/fromBase64.ts
FN:5,(anonymous_0)
FN:10,(anonymous_1)
FNF:2
FNH:2
FNDA:61,(anonymous_0)
FNDA:100,(anonymous_1)
DA:1,1
DA:2,1
DA:3,1
DA:5,61
DA:6,1
DA:8,1
DA:10,100
LF:7
LH:7
BRDA:5,0,0,1
BRDA:5,0,1,0
BRDA:8,1,0,0
BRDA:8,1,1,1
BRDA:10,2,0,61
BRDA:10,2,1,39
BRF:6
BRH:4
end_of_record
TN:
SF:src/fromBase64Bin.ts
FNF:0
FNH:0
DA:1,1
DA:3,1
LF:2
LH:2
BRF:0
BRH:0
end_of_record
TN:
SF:src/fromBase64Url.ts
FNF:0
FNH:0
DA:1,1
DA:3,1
LF:2
LH:2
BRF:0
BRH:0
end_of_record
TN:
SF:src/toBase64.ts
FN:7,(anonymous_0)
FN:8,(anonymous_1)
FNF:2
FNH:1
FNDA:0,(anonymous_0)
FNDA:500,(anonymous_1)
DA:1,4
DA:2,4
DA:4,4
DA:6,4
DA:7,0
DA:9,500
DA:10,500
DA:11,257
LF:8
LH:7
BRDA:6,0,0,0
BRDA:6,0,1,4
BRDA:10,1,0,243
BRF:3
BRH:2
end_of_record
TN:
SF:src/toBase64Bin.ts
FNF:0
FNH:0
DA:1,1
DA:3,1
LF:2
LH:2
BRF:0
BRH:0
end_of_record
TN:
SF:src/toBase64Url.ts
FNF:0
FNH:0
DA:1,1
DA:3,1
LF:2
LH:2
BRF:0
BRH:0
end_of_record
TN:
SF:src/util/buffers/bufferToUint8Array.ts
FN:1,(anonymous_0)
FNF:1
FNH:1
FNDA:161,(anonymous_0)
DA:1,161
LF:1
LH:1
BRF:0
BRH:0
end_of_record
TN:
SF:src/util/buffers/copy.ts
FN:1,(anonymous_0)
FNF:1
FNH:1
FNDA:200,(anonymous_0)
DA:1,1
DA:2,200
DA:3,200
DA:4,200
LF:4
LH:4
BRF:0
BRH:0
end_of_record
TN:
SF:src/util/strings/flatstr.ts
FN:1,(anonymous_0)
FNF:1
FNH:1
FNDA:24582,(anonymous_0)
DA:1,5
DA:2,24582
DA:3,24582
DA:4,24582
LF:4
LH:4
BRF:0
BRH:0
end_of_record
